0 info it worked if it ends with ok
1 verbose cli [ '/Users/josh/.nvm/versions/node/v7.2.1/bin/node',
1 verbose cli   '/Users/josh/.nvm/versions/node/v7.2.1/bin/npm',
1 verbose cli   'publish' ]
2 info using npm@3.10.10
3 info using node@v7.2.1
4 verbose publish [ '.' ]
5 silly cache add args [ '.', null ]
6 verbose cache add spec .
7 silly cache add parsed spec Result {
7 silly cache add   raw: '.',
7 silly cache add   scope: null,
7 silly cache add   escapedName: null,
7 silly cache add   name: null,
7 silly cache add   rawSpec: '.',
7 silly cache add   spec: '/Users/josh/Code/jet',
7 silly cache add   type: 'directory' }
8 verbose addLocalDirectory /Users/josh/.npm/jet/1.0.0/package.tgz not in flight; packing
9 verbose correctMkdir /Users/josh/.npm correctMkdir not in flight; initializing
10 info lifecycle jet@1.0.0~prepublish: jet@1.0.0
11 silly lifecycle jet@1.0.0~prepublish: no script for prepublish, continuing
12 verbose tar pack [ '/Users/josh/.npm/jet/1.0.0/package.tgz',
12 verbose tar pack   '/Users/josh/Code/jet' ]
13 verbose tarball /Users/josh/.npm/jet/1.0.0/package.tgz
14 verbose folder /Users/josh/Code/jet
15 verbose addLocalTarball adding from inside cache /Users/josh/.npm/jet/1.0.0/package.tgz
16 verbose correctMkdir /Users/josh/.npm correctMkdir not in flight; initializing
17 silly cache afterAdd jet@1.0.0
18 verbose afterAdd /Users/josh/.npm/jet/1.0.0/package/package.json not in flight; writing
19 verbose correctMkdir /Users/josh/.npm correctMkdir not in flight; initializing
20 verbose afterAdd /Users/josh/.npm/jet/1.0.0/package/package.json written
21 silly publish { name: 'jet',
21 silly publish   version: '1.0.0',
21 silly publish   description: 'A real-time, extensible version control system',
21 silly publish   main: 'index.js',
21 silly publish   scripts: { test: 'echo "Error: no test specified" && exit 1' },
21 silly publish   bin: { jet: 'bin/jet.js' },
21 silly publish   repository:
21 silly publish    { type: 'git',
21 silly publish      url: 'git+https://github.com/thehandsomepanther/jet.git' },
21 silly publish   keywords: [ 'version', 'control', 'jet' ],
21 silly publish   license: 'MIT',
21 silly publish   bugs: { url: 'https://github.com/thehandsomepanther/jet/issues' },
21 silly publish   homepage: 'https://github.com/thehandsomepanther/jet#readme',
21 silly publish   dependencies: { 'fs-extra': '^3.0.0' },
21 silly publish   readme: '## Jet: Version Control of the Future\nJet is a new version control system built on top of Git, with the aim of creating hyper-human-readable versioning.\n\n### How it works\nUse `jet` wherever you would use the `git` commit. For example, to start a new project you can do:\n\n```\njet init\ntouch README.md\njet add .\njet commit -m "initial commit"\n```\n\nThe difference between Jet and Git comes when you commit your changes. Every time you make a change to a file, Jet automatically makes a backup of your files with a version number appended to the end.\n\n```\n- README.md\n- README-0.md\n```\n\nAfter a few more commits, your file structure might look like this:\n\n```\n- README.md\n- README-0.md\n- README-1.md\n- package.json\n- package-0.json\n- src/\n    - index.js\n    - index-0.js\n    - index-1.js\n    - index-2.js\n```\n',
21 silly publish   readmeFilename: 'README.md',
21 silly publish   gitHead: '907f68a313e7c19facde9cc780c7b50fce21b48b',
21 silly publish   _id: 'jet@1.0.0',
21 silly publish   _shasum: 'c9003675508ee288af549f44f61916ec576ebbe6',
21 silly publish   _from: '.' }
22 verbose getPublishConfig undefined
23 silly mapToRegistry name jet
24 silly mapToRegistry using default registry
25 silly mapToRegistry registry https://registry.npmjs.org/
26 silly mapToRegistry data Result {
26 silly mapToRegistry   raw: 'jet',
26 silly mapToRegistry   scope: null,
26 silly mapToRegistry   escapedName: 'jet',
26 silly mapToRegistry   name: 'jet',
26 silly mapToRegistry   rawSpec: '',
26 silly mapToRegistry   spec: 'latest',
26 silly mapToRegistry   type: 'tag' }
27 silly mapToRegistry uri https://registry.npmjs.org/jet
28 verbose publish registryBase https://registry.npmjs.org/
29 silly publish uploading /Users/josh/.npm/jet/1.0.0/package.tgz
30 verbose request uri https://registry.npmjs.org/jet
31 verbose request sending authorization for write operation
32 info attempt registry request try #1 at 4:34:38 PM
33 verbose request using bearer token for auth
34 verbose request id 24d3035ec8ef3e19
35 http request PUT https://registry.npmjs.org/jet
36 http 403 https://registry.npmjs.org/jet
37 verbose headers { 'content-type': 'application/json',
37 verbose headers   'cache-control': 'max-age=300',
37 verbose headers   'content-length': '97',
37 verbose headers   'accept-ranges': 'bytes',
37 verbose headers   date: 'Sat, 29 Apr 2017 21:34:39 GMT',
37 verbose headers   via: '1.1 varnish',
37 verbose headers   connection: 'keep-alive',
37 verbose headers   'x-served-by': 'cache-ord1725-ORD',
37 verbose headers   'x-cache': 'MISS',
37 verbose headers   'x-cache-hits': '0',
37 verbose headers   'x-timer': 'S1493501679.556027,VS0,VE793',
37 verbose headers   vary: 'Accept-Encoding' }
38 verbose request invalidating /Users/josh/.npm/registry.npmjs.org/jet on PUT
39 error publish Failed PUT 403
40 verbose stack Error: you do not have permission to publish "jet". Are you logged in as the correct user? : jet
40 verbose stack     at makeError (/Users/josh/.nvm/versions/node/v7.2.1/lib/node_modules/npm/node_modules/npm-registry-client/lib/request.js:302:12)
40 verbose stack     at CachingRegistryClient.<anonymous> (/Users/josh/.nvm/versions/node/v7.2.1/lib/node_modules/npm/node_modules/npm-registry-client/lib/request.js:290:14)
40 verbose stack     at Request._callback (/Users/josh/.nvm/versions/node/v7.2.1/lib/node_modules/npm/node_modules/npm-registry-client/lib/request.js:210:14)
40 verbose stack     at Request.self.callback (/Users/josh/.nvm/versions/node/v7.2.1/lib/node_modules/npm/node_modules/request/request.js:187:22)
40 verbose stack     at emitTwo (events.js:106:13)
40 verbose stack     at Request.emit (events.js:191:7)
40 verbose stack     at Request.<anonymous> (/Users/josh/.nvm/versions/node/v7.2.1/lib/node_modules/npm/node_modules/request/request.js:1048:10)
40 verbose stack     at emitOne (events.js:96:13)
40 verbose stack     at Request.emit (events.js:188:7)
40 verbose stack     at IncomingMessage.<anonymous> (/Users/josh/.nvm/versions/node/v7.2.1/lib/node_modules/npm/node_modules/request/request.js:969:12)
41 verbose statusCode 403
42 verbose pkgid jet
43 verbose cwd /Users/josh/Code/jet
44 error Darwin 16.5.0
45 error argv "/Users/josh/.nvm/versions/node/v7.2.1/bin/node" "/Users/josh/.nvm/versions/node/v7.2.1/bin/npm" "publish"
46 error node v7.2.1
47 error npm  v3.10.10
48 error code E403
49 error you do not have permission to publish "jet". Are you logged in as the correct user? : jet
50 error If you need help, you may report this error at:
50 error     <https://github.com/npm/npm/issues>
51 verbose exit [ 1, true ]
